WARNING - 2024-01-08 02:55:42 --> [DEPRECATED] Creation of dynamic property App\Controllers\Info\Auth::$ModelAuth is deprecated in APPPATH\Controllers\Info\Auth.php on line 13.
 1 SYSTEMPATH\CodeIgniter.php(904): App\Controllers\Info\Auth->__construct()
 2 SYSTEMPATH\CodeIgniter.php(488): CodeIgniter\CodeIgniter->createController()
 3 SYSTEMPATH\CodeIgniter.php(366): CodeIgniter\CodeIgniter->handleRequest(null, Object(Config\Cache), false)
 4 FCPATH\index.php(67): CodeIgniter\CodeIgniter->run()
INFO - 2024-01-08 02:55:42 --> Session: Class initialized using 'CodeIgniter\Session\Handlers\FileHandler' driver.
WARNING - 2024-01-08 02:56:14 --> [DEPRECATED] Creation of dynamic property App\Controllers\Info\Auth::$ModelAuth is deprecated in APPPATH\Controllers\Info\Auth.php on line 13.
 1 SYSTEMPATH\CodeIgniter.php(904): App\Controllers\Info\Auth->__construct()
 2 SYSTEMPATH\CodeIgniter.php(488): CodeIgniter\CodeIgniter->createController()
 3 SYSTEMPATH\CodeIgniter.php(366): CodeIgniter\CodeIgniter->handleRequest(null, Object(Config\Cache), false)
 4 FCPATH\index.php(67): CodeIgniter\CodeIgniter->run()
INFO - 2024-01-08 02:56:14 --> Session: Class initialized using 'CodeIgniter\Session\Handlers\FileHandler' driver.
WARNING - 2024-01-08 02:56:14 --> [DEPRECATED] Creation of dynamic property App\Controllers\Info\Profile::$ModelUser is deprecated in APPPATH\Controllers\Info\Profile.php on line 13.
 1 SYSTEMPATH\CodeIgniter.php(904): App\Controllers\Info\Profile->__construct()
 2 SYSTEMPATH\CodeIgniter.php(488): CodeIgniter\CodeIgniter->createController()
 3 SYSTEMPATH\CodeIgniter.php(366): CodeIgniter\CodeIgniter->handleRequest(null, Object(Config\Cache), false)
 4 FCPATH\index.php(67): CodeIgniter\CodeIgniter->run()
INFO - 2024-01-08 02:56:14 --> Session: Class initialized using 'CodeIgniter\Session\Handlers\FileHandler' driver.
WARNING - 2024-01-08 02:56:35 --> [DEPRECATED] Creation of dynamic property App\Controllers\PremierLeague\Standings::$ModelUser is deprecated in APPPATH\Controllers\PremierLeague\Standings.php on line 12.
 1 SYSTEMPATH\CodeIgniter.php(904): App\Controllers\PremierLeague\Standings->__construct()
 2 SYSTEMPATH\CodeIgniter.php(488): CodeIgniter\CodeIgniter->createController()
 3 SYSTEMPATH\CodeIgniter.php(366): CodeIgniter\CodeIgniter->handleRequest(null, Object(Config\Cache), false)
 4 FCPATH\index.php(67): CodeIgniter\CodeIgniter->run()
INFO - 2024-01-08 02:56:35 --> Session: Class initialized using 'CodeIgniter\Session\Handlers\FileHandler' driver.
WARNING - 2024-01-08 02:56:39 --> [DEPRECATED] Creation of dynamic property App\Controllers\PremierLeague\Statistics::$ModelUser is deprecated in APPPATH\Controllers\PremierLeague\Statistics.php on line 12.
 1 SYSTEMPATH\CodeIgniter.php(904): App\Controllers\PremierLeague\Statistics->__construct()
 2 SYSTEMPATH\CodeIgniter.php(488): CodeIgniter\CodeIgniter->createController()
 3 SYSTEMPATH\CodeIgniter.php(366): CodeIgniter\CodeIgniter->handleRequest(null, Object(Config\Cache), false)
 4 FCPATH\index.php(67): CodeIgniter\CodeIgniter->run()
INFO - 2024-01-08 02:56:39 --> Session: Class initialized using 'CodeIgniter\Session\Handlers\FileHandler' driver.
WARNING - 2024-01-08 02:56:59 --> [DEPRECATED] Creation of dynamic property App\Controllers\ChampionsLeague\CL2324\Standings::$ModelUser is deprecated in APPPATH\Controllers\ChampionsLeague\CL2324\Standings.php on line 13.
 1 SYSTEMPATH\CodeIgniter.php(904): App\Controllers\ChampionsLeague\CL2324\Standings->__construct()
 2 SYSTEMPATH\CodeIgniter.php(488): CodeIgniter\CodeIgniter->createController()
 3 SYSTEMPATH\CodeIgniter.php(366): CodeIgniter\CodeIgniter->handleRequest(null, Object(Config\Cache), false)
 4 FCPATH\index.php(67): CodeIgniter\CodeIgniter->run()
INFO - 2024-01-08 02:56:59 --> Session: Class initialized using 'CodeIgniter\Session\Handlers\FileHandler' driver.
WARNING - 2024-01-08 02:57:12 --> [DEPRECATED] Creation of dynamic property App\Controllers\ChampionsLeague\CL2324\Statistics::$ModelUser is deprecated in APPPATH\Controllers\ChampionsLeague\CL2324\Statistics.php on line 12.
 1 SYSTEMPATH\CodeIgniter.php(904): App\Controllers\ChampionsLeague\CL2324\Statistics->__construct()
 2 SYSTEMPATH\CodeIgniter.php(488): CodeIgniter\CodeIgniter->createController()
 3 SYSTEMPATH\CodeIgniter.php(366): CodeIgniter\CodeIgniter->handleRequest(null, Object(Config\Cache), false)
 4 FCPATH\index.php(67): CodeIgniter\CodeIgniter->run()
INFO - 2024-01-08 02:57:12 --> Session: Class initialized using 'CodeIgniter\Session\Handlers\FileHandler' driver.
WARNING - 2024-01-08 02:57:18 --> [DEPRECATED] Creation of dynamic property App\Controllers\ChampionsLeague\CL2223\Standings::$ModelUser is deprecated in APPPATH\Controllers\ChampionsLeague\CL2223\Standings.php on line 13.
 1 SYSTEMPATH\CodeIgniter.php(904): App\Controllers\ChampionsLeague\CL2223\Standings->__construct()
 2 SYSTEMPATH\CodeIgniter.php(488): CodeIgniter\CodeIgniter->createController()
 3 SYSTEMPATH\CodeIgniter.php(366): CodeIgniter\CodeIgniter->handleRequest(null, Object(Config\Cache), false)
 4 FCPATH\index.php(67): CodeIgniter\CodeIgniter->run()
INFO - 2024-01-08 02:57:18 --> Session: Class initialized using 'CodeIgniter\Session\Handlers\FileHandler' driver.
WARNING - 2024-01-08 08:16:30 --> [DEPRECATED] Creation of dynamic property App\Controllers\Info\Auth::$ModelAuth is deprecated in APPPATH\Controllers\Info\Auth.php on line 13.
 1 SYSTEMPATH\CodeIgniter.php(904): App\Controllers\Info\Auth->__construct()
 2 SYSTEMPATH\CodeIgniter.php(488): CodeIgniter\CodeIgniter->createController()
 3 SYSTEMPATH\CodeIgniter.php(366): CodeIgniter\CodeIgniter->handleRequest(null, Object(Config\Cache), false)
 4 FCPATH\index.php(67): CodeIgniter\CodeIgniter->run()
INFO - 2024-01-08 08:16:30 --> Session: Class initialized using 'CodeIgniter\Session\Handlers\FileHandler' driver.
WARNING - 2024-01-08 08:16:42 --> [DEPRECATED] Creation of dynamic property App\Controllers\Info\Auth::$ModelAuth is deprecated in APPPATH\Controllers\Info\Auth.php on line 13.
 1 SYSTEMPATH\CodeIgniter.php(904): App\Controllers\Info\Auth->__construct()
 2 SYSTEMPATH\CodeIgniter.php(488): CodeIgniter\CodeIgniter->createController()
 3 SYSTEMPATH\CodeIgniter.php(366): CodeIgniter\CodeIgniter->handleRequest(null, Object(Config\Cache), false)
 4 FCPATH\index.php(67): CodeIgniter\CodeIgniter->run()
INFO - 2024-01-08 08:16:42 --> Session: Class initialized using 'CodeIgniter\Session\Handlers\FileHandler' driver.
