WARNING - 2023-12-06 02:13:38 --> [DEPRECATED] Creation of dynamic property App\Controllers\Info\Auth::$ModelAuth is deprecated in APPPATH\Controllers\Info\Auth.php on line 13.
 1 SYSTEMPATH\CodeIgniter.php(904): App\Controllers\Info\Auth->__construct()
 2 SYSTEMPATH\CodeIgniter.php(488): CodeIgniter\CodeIgniter->createController()
 3 SYSTEMPATH\CodeIgniter.php(366): CodeIgniter\CodeIgniter->handleRequest(null, Object(Config\Cache), false)
 4 FCPATH\index.php(67): CodeIgniter\CodeIgniter->run()
INFO - 2023-12-06 02:13:39 --> Session: Class initialized using 'CodeIgniter\Session\Handlers\FileHandler' driver.
WARNING - 2023-12-06 02:17:12 --> [DEPRECATED] Creation of dynamic property App\Controllers\Info\Auth::$ModelAuth is deprecated in APPPATH\Controllers\Info\Auth.php on line 13.
 1 SYSTEMPATH\CodeIgniter.php(904): App\Controllers\Info\Auth->__construct()
 2 SYSTEMPATH\CodeIgniter.php(488): CodeIgniter\CodeIgniter->createController()
 3 SYSTEMPATH\CodeIgniter.php(366): CodeIgniter\CodeIgniter->handleRequest(null, Object(Config\Cache), false)
 4 FCPATH\index.php(67): CodeIgniter\CodeIgniter->run()
INFO - 2023-12-06 02:17:12 --> Session: Class initialized using 'CodeIgniter\Session\Handlers\FileHandler' driver.
WARNING - 2023-12-06 02:17:12 --> [DEPRECATED] Creation of dynamic property App\Controllers\Info\Profile::$ModelUser is deprecated in APPPATH\Controllers\Info\Profile.php on line 13.
 1 SYSTEMPATH\CodeIgniter.php(904): App\Controllers\Info\Profile->__construct()
 2 SYSTEMPATH\CodeIgniter.php(488): CodeIgniter\CodeIgniter->createController()
 3 SYSTEMPATH\CodeIgniter.php(366): CodeIgniter\CodeIgniter->handleRequest(null, Object(Config\Cache), false)
 4 FCPATH\index.php(67): CodeIgniter\CodeIgniter->run()
INFO - 2023-12-06 02:17:12 --> Session: Class initialized using 'CodeIgniter\Session\Handlers\FileHandler' driver.
WARNING - 2023-12-06 02:17:16 --> [DEPRECATED] Creation of dynamic property App\Controllers\PremierLeague\PremierLeague::$ModelUser is deprecated in APPPATH\Controllers\PremierLeague\PremierLeague.php on line 12.
 1 SYSTEMPATH\CodeIgniter.php(904): App\Controllers\PremierLeague\PremierLeague->__construct()
 2 SYSTEMPATH\CodeIgniter.php(488): CodeIgniter\CodeIgniter->createController()
 3 SYSTEMPATH\CodeIgniter.php(366): CodeIgniter\CodeIgniter->handleRequest(null, Object(Config\Cache), false)
 4 FCPATH\index.php(67): CodeIgniter\CodeIgniter->run()
INFO - 2023-12-06 02:17:16 --> Session: Class initialized using 'CodeIgniter\Session\Handlers\FileHandler' driver.
WARNING - 2023-12-06 02:17:20 --> [DEPRECATED] Creation of dynamic property App\Controllers\ChampionsLeague\CL2324::$ModelUser is deprecated in APPPATH\Controllers\ChampionsLeague\CL2324.php on line 13.
 1 SYSTEMPATH\CodeIgniter.php(904): App\Controllers\ChampionsLeague\CL2324->__construct()
 2 SYSTEMPATH\CodeIgniter.php(488): CodeIgniter\CodeIgniter->createController()
 3 SYSTEMPATH\CodeIgniter.php(366): CodeIgniter\CodeIgniter->handleRequest(null, Object(Config\Cache), false)
 4 FCPATH\index.php(67): CodeIgniter\CodeIgniter->run()
INFO - 2023-12-06 02:17:20 --> Session: Class initialized using 'CodeIgniter\Session\Handlers\FileHandler' driver.
WARNING - 2023-12-06 02:23:43 --> [DEPRECATED] Creation of dynamic property App\Controllers\ChampionsLeague\CL2324::$ModelUser is deprecated in APPPATH\Controllers\ChampionsLeague\CL2324.php on line 13.
 1 SYSTEMPATH\CodeIgniter.php(904): App\Controllers\ChampionsLeague\CL2324->__construct()
 2 SYSTEMPATH\CodeIgniter.php(488): CodeIgniter\CodeIgniter->createController()
 3 SYSTEMPATH\CodeIgniter.php(366): CodeIgniter\CodeIgniter->handleRequest(null, Object(Config\Cache), false)
 4 FCPATH\index.php(67): CodeIgniter\CodeIgniter->run()
INFO - 2023-12-06 02:23:43 --> Session: Class initialized using 'CodeIgniter\Session\Handlers\FileHandler' driver.
WARNING - 2023-12-06 02:26:46 --> [DEPRECATED] Creation of dynamic property App\Controllers\ChampionsLeague\CL2324::$ModelUser is deprecated in APPPATH\Controllers\ChampionsLeague\CL2324.php on line 13.
 1 SYSTEMPATH\CodeIgniter.php(904): App\Controllers\ChampionsLeague\CL2324->__construct()
 2 SYSTEMPATH\CodeIgniter.php(488): CodeIgniter\CodeIgniter->createController()
 3 SYSTEMPATH\CodeIgniter.php(366): CodeIgniter\CodeIgniter->handleRequest(null, Object(Config\Cache), false)
 4 FCPATH\index.php(67): CodeIgniter\CodeIgniter->run()
INFO - 2023-12-06 02:26:46 --> Session: Class initialized using 'CodeIgniter\Session\Handlers\FileHandler' driver.
WARNING - 2023-12-06 02:27:28 --> [DEPRECATED] Creation of dynamic property App\Controllers\ChampionsLeague\CL2324::$ModelUser is deprecated in APPPATH\Controllers\ChampionsLeague\CL2324.php on line 13.
 1 SYSTEMPATH\CodeIgniter.php(904): App\Controllers\ChampionsLeague\CL2324->__construct()
 2 SYSTEMPATH\CodeIgniter.php(488): CodeIgniter\CodeIgniter->createController()
 3 SYSTEMPATH\CodeIgniter.php(366): CodeIgniter\CodeIgniter->handleRequest(null, Object(Config\Cache), false)
 4 FCPATH\index.php(67): CodeIgniter\CodeIgniter->run()
INFO - 2023-12-06 02:27:28 --> Session: Class initialized using 'CodeIgniter\Session\Handlers\FileHandler' driver.
WARNING - 2023-12-06 02:27:44 --> [DEPRECATED] Creation of dynamic property App\Controllers\ChampionsLeague\CL2324::$ModelUser is deprecated in APPPATH\Controllers\ChampionsLeague\CL2324.php on line 13.
 1 SYSTEMPATH\CodeIgniter.php(904): App\Controllers\ChampionsLeague\CL2324->__construct()
 2 SYSTEMPATH\CodeIgniter.php(488): CodeIgniter\CodeIgniter->createController()
 3 SYSTEMPATH\CodeIgniter.php(366): CodeIgniter\CodeIgniter->handleRequest(null, Object(Config\Cache), false)
 4 FCPATH\index.php(67): CodeIgniter\CodeIgniter->run()
INFO - 2023-12-06 02:27:44 --> Session: Class initialized using 'CodeIgniter\Session\Handlers\FileHandler' driver.
WARNING - 2023-12-06 02:28:27 --> [DEPRECATED] Creation of dynamic property App\Controllers\ChampionsLeague\CL2324::$ModelUser is deprecated in APPPATH\Controllers\ChampionsLeague\CL2324.php on line 13.
 1 SYSTEMPATH\CodeIgniter.php(904): App\Controllers\ChampionsLeague\CL2324->__construct()
 2 SYSTEMPATH\CodeIgniter.php(488): CodeIgniter\CodeIgniter->createController()
 3 SYSTEMPATH\CodeIgniter.php(366): CodeIgniter\CodeIgniter->handleRequest(null, Object(Config\Cache), false)
 4 FCPATH\index.php(67): CodeIgniter\CodeIgniter->run()
INFO - 2023-12-06 02:28:27 --> Session: Class initialized using 'CodeIgniter\Session\Handlers\FileHandler' driver.
WARNING - 2023-12-06 02:29:24 --> [DEPRECATED] Creation of dynamic property App\Controllers\ChampionsLeague\CL2324::$ModelUser is deprecated in APPPATH\Controllers\ChampionsLeague\CL2324.php on line 13.
 1 SYSTEMPATH\CodeIgniter.php(904): App\Controllers\ChampionsLeague\CL2324->__construct()
 2 SYSTEMPATH\CodeIgniter.php(488): CodeIgniter\CodeIgniter->createController()
 3 SYSTEMPATH\CodeIgniter.php(366): CodeIgniter\CodeIgniter->handleRequest(null, Object(Config\Cache), false)
 4 FCPATH\index.php(67): CodeIgniter\CodeIgniter->run()
INFO - 2023-12-06 02:29:24 --> Session: Class initialized using 'CodeIgniter\Session\Handlers\FileHandler' driver.
WARNING - 2023-12-06 02:30:12 --> [DEPRECATED] Creation of dynamic property App\Controllers\ChampionsLeague\CL2324::$ModelUser is deprecated in APPPATH\Controllers\ChampionsLeague\CL2324.php on line 13.
 1 SYSTEMPATH\CodeIgniter.php(904): App\Controllers\ChampionsLeague\CL2324->__construct()
 2 SYSTEMPATH\CodeIgniter.php(488): CodeIgniter\CodeIgniter->createController()
 3 SYSTEMPATH\CodeIgniter.php(366): CodeIgniter\CodeIgniter->handleRequest(null, Object(Config\Cache), false)
 4 FCPATH\index.php(67): CodeIgniter\CodeIgniter->run()
INFO - 2023-12-06 02:30:12 --> Session: Class initialized using 'CodeIgniter\Session\Handlers\FileHandler' driver.
WARNING - 2023-12-06 02:30:29 --> [DEPRECATED] Creation of dynamic property App\Controllers\ChampionsLeague\CL2324::$ModelUser is deprecated in APPPATH\Controllers\ChampionsLeague\CL2324.php on line 13.
 1 SYSTEMPATH\CodeIgniter.php(904): App\Controllers\ChampionsLeague\CL2324->__construct()
 2 SYSTEMPATH\CodeIgniter.php(488): CodeIgniter\CodeIgniter->createController()
 3 SYSTEMPATH\CodeIgniter.php(366): CodeIgniter\CodeIgniter->handleRequest(null, Object(Config\Cache), false)
 4 FCPATH\index.php(67): CodeIgniter\CodeIgniter->run()
INFO - 2023-12-06 02:30:29 --> Session: Class initialized using 'CodeIgniter\Session\Handlers\FileHandler' driver.
WARNING - 2023-12-06 02:30:42 --> [DEPRECATED] Creation of dynamic property App\Controllers\ChampionsLeague\CL2324::$ModelUser is deprecated in APPPATH\Controllers\ChampionsLeague\CL2324.php on line 13.
 1 SYSTEMPATH\CodeIgniter.php(904): App\Controllers\ChampionsLeague\CL2324->__construct()
 2 SYSTEMPATH\CodeIgniter.php(488): CodeIgniter\CodeIgniter->createController()
 3 SYSTEMPATH\CodeIgniter.php(366): CodeIgniter\CodeIgniter->handleRequest(null, Object(Config\Cache), false)
 4 FCPATH\index.php(67): CodeIgniter\CodeIgniter->run()
INFO - 2023-12-06 02:30:42 --> Session: Class initialized using 'CodeIgniter\Session\Handlers\FileHandler' driver.
WARNING - 2023-12-06 02:31:04 --> [DEPRECATED] Creation of dynamic property App\Controllers\ChampionsLeague\CL2324::$ModelUser is deprecated in APPPATH\Controllers\ChampionsLeague\CL2324.php on line 13.
 1 SYSTEMPATH\CodeIgniter.php(904): App\Controllers\ChampionsLeague\CL2324->__construct()
 2 SYSTEMPATH\CodeIgniter.php(488): CodeIgniter\CodeIgniter->createController()
 3 SYSTEMPATH\CodeIgniter.php(366): CodeIgniter\CodeIgniter->handleRequest(null, Object(Config\Cache), false)
 4 FCPATH\index.php(67): CodeIgniter\CodeIgniter->run()
INFO - 2023-12-06 02:31:04 --> Session: Class initialized using 'CodeIgniter\Session\Handlers\FileHandler' driver.
WARNING - 2023-12-06 02:31:43 --> [DEPRECATED] Creation of dynamic property App\Controllers\ChampionsLeague\CL2324::$ModelUser is deprecated in APPPATH\Controllers\ChampionsLeague\CL2324.php on line 13.
 1 SYSTEMPATH\CodeIgniter.php(904): App\Controllers\ChampionsLeague\CL2324->__construct()
 2 SYSTEMPATH\CodeIgniter.php(488): CodeIgniter\CodeIgniter->createController()
 3 SYSTEMPATH\CodeIgniter.php(366): CodeIgniter\CodeIgniter->handleRequest(null, Object(Config\Cache), false)
 4 FCPATH\index.php(67): CodeIgniter\CodeIgniter->run()
INFO - 2023-12-06 02:31:43 --> Session: Class initialized using 'CodeIgniter\Session\Handlers\FileHandler' driver.
WARNING - 2023-12-06 02:32:07 --> [DEPRECATED] Creation of dynamic property App\Controllers\ChampionsLeague\CL2324::$ModelUser is deprecated in APPPATH\Controllers\ChampionsLeague\CL2324.php on line 13.
 1 SYSTEMPATH\CodeIgniter.php(904): App\Controllers\ChampionsLeague\CL2324->__construct()
 2 SYSTEMPATH\CodeIgniter.php(488): CodeIgniter\CodeIgniter->createController()
 3 SYSTEMPATH\CodeIgniter.php(366): CodeIgniter\CodeIgniter->handleRequest(null, Object(Config\Cache), false)
 4 FCPATH\index.php(67): CodeIgniter\CodeIgniter->run()
INFO - 2023-12-06 02:32:07 --> Session: Class initialized using 'CodeIgniter\Session\Handlers\FileHandler' driver.
WARNING - 2023-12-06 02:32:59 --> [DEPRECATED] Creation of dynamic property App\Controllers\ChampionsLeague\CL2324::$ModelUser is deprecated in APPPATH\Controllers\ChampionsLeague\CL2324.php on line 13.
 1 SYSTEMPATH\CodeIgniter.php(904): App\Controllers\ChampionsLeague\CL2324->__construct()
 2 SYSTEMPATH\CodeIgniter.php(488): CodeIgniter\CodeIgniter->createController()
 3 SYSTEMPATH\CodeIgniter.php(366): CodeIgniter\CodeIgniter->handleRequest(null, Object(Config\Cache), false)
 4 FCPATH\index.php(67): CodeIgniter\CodeIgniter->run()
INFO - 2023-12-06 02:32:59 --> Session: Class initialized using 'CodeIgniter\Session\Handlers\FileHandler' driver.
WARNING - 2023-12-06 03:04:31 --> [DEPRECATED] Creation of dynamic property App\Controllers\ChampionsLeague\CL2324::$ModelUser is deprecated in APPPATH\Controllers\ChampionsLeague\CL2324.php on line 13.
 1 SYSTEMPATH\CodeIgniter.php(904): App\Controllers\ChampionsLeague\CL2324->__construct()
 2 SYSTEMPATH\CodeIgniter.php(488): CodeIgniter\CodeIgniter->createController()
 3 SYSTEMPATH\CodeIgniter.php(366): CodeIgniter\CodeIgniter->handleRequest(null, Object(Config\Cache), false)
 4 FCPATH\index.php(67): CodeIgniter\CodeIgniter->run()
INFO - 2023-12-06 03:04:31 --> Session: Class initialized using 'CodeIgniter\Session\Handlers\FileHandler' driver.
WARNING - 2023-12-06 03:04:54 --> [DEPRECATED] Creation of dynamic property App\Controllers\ChampionsLeague\CL2324::$ModelUser is deprecated in APPPATH\Controllers\ChampionsLeague\CL2324.php on line 13.
 1 SYSTEMPATH\CodeIgniter.php(904): App\Controllers\ChampionsLeague\CL2324->__construct()
 2 SYSTEMPATH\CodeIgniter.php(488): CodeIgniter\CodeIgniter->createController()
 3 SYSTEMPATH\CodeIgniter.php(366): CodeIgniter\CodeIgniter->handleRequest(null, Object(Config\Cache), false)
 4 FCPATH\index.php(67): CodeIgniter\CodeIgniter->run()
INFO - 2023-12-06 03:04:54 --> Session: Class initialized using 'CodeIgniter\Session\Handlers\FileHandler' driver.
WARNING - 2023-12-06 03:04:59 --> [DEPRECATED] Creation of dynamic property App\Controllers\ChampionsLeague\CL2324::$ModelUser is deprecated in APPPATH\Controllers\ChampionsLeague\CL2324.php on line 13.
 1 SYSTEMPATH\CodeIgniter.php(904): App\Controllers\ChampionsLeague\CL2324->__construct()
 2 SYSTEMPATH\CodeIgniter.php(488): CodeIgniter\CodeIgniter->createController()
 3 SYSTEMPATH\CodeIgniter.php(366): CodeIgniter\CodeIgniter->handleRequest(null, Object(Config\Cache), false)
 4 FCPATH\index.php(67): CodeIgniter\CodeIgniter->run()
INFO - 2023-12-06 03:04:59 --> Session: Class initialized using 'CodeIgniter\Session\Handlers\FileHandler' driver.
WARNING - 2023-12-06 03:09:44 --> [DEPRECATED] Creation of dynamic property App\Controllers\PremierLeague\PremierLeague::$ModelUser is deprecated in APPPATH\Controllers\PremierLeague\PremierLeague.php on line 12.
 1 SYSTEMPATH\CodeIgniter.php(904): App\Controllers\PremierLeague\PremierLeague->__construct()
 2 SYSTEMPATH\CodeIgniter.php(488): CodeIgniter\CodeIgniter->createController()
 3 SYSTEMPATH\CodeIgniter.php(366): CodeIgniter\CodeIgniter->handleRequest(null, Object(Config\Cache), false)
 4 FCPATH\index.php(67): CodeIgniter\CodeIgniter->run()
INFO - 2023-12-06 03:09:44 --> Session: Class initialized using 'CodeIgniter\Session\Handlers\FileHandler' driver.
WARNING - 2023-12-06 03:09:54 --> [DEPRECATED] Creation of dynamic property App\Controllers\LaLiga\LaLiga::$ModelUser is deprecated in APPPATH\Controllers\LaLiga\LaLiga.php on line 12.
 1 SYSTEMPATH\CodeIgniter.php(904): App\Controllers\LaLiga\LaLiga->__construct()
 2 SYSTEMPATH\CodeIgniter.php(488): CodeIgniter\CodeIgniter->createController()
 3 SYSTEMPATH\CodeIgniter.php(366): CodeIgniter\CodeIgniter->handleRequest(null, Object(Config\Cache), false)
 4 FCPATH\index.php(67): CodeIgniter\CodeIgniter->run()
INFO - 2023-12-06 03:09:54 --> Session: Class initialized using 'CodeIgniter\Session\Handlers\FileHandler' driver.
WARNING - 2023-12-06 03:09:57 --> [DEPRECATED] Creation of dynamic property App\Controllers\Liga1\Liga1::$ModelUser is deprecated in APPPATH\Controllers\Liga1\Liga1.php on line 13.
 1 SYSTEMPATH\CodeIgniter.php(904): App\Controllers\Liga1\Liga1->__construct()
 2 SYSTEMPATH\CodeIgniter.php(488): CodeIgniter\CodeIgniter->createController()
 3 SYSTEMPATH\CodeIgniter.php(366): CodeIgniter\CodeIgniter->handleRequest(null, Object(Config\Cache), false)
 4 FCPATH\index.php(67): CodeIgniter\CodeIgniter->run()
INFO - 2023-12-06 03:09:58 --> Session: Class initialized using 'CodeIgniter\Session\Handlers\FileHandler' driver.
WARNING - 2023-12-06 03:10:01 --> [DEPRECATED] Creation of dynamic property App\Controllers\ROSHN\ROSHN::$ModelUser is deprecated in APPPATH\Controllers\ROSHN\ROSHN.php on line 13.
 1 SYSTEMPATH\CodeIgniter.php(904): App\Controllers\ROSHN\ROSHN->__construct()
 2 SYSTEMPATH\CodeIgniter.php(488): CodeIgniter\CodeIgniter->createController()
 3 SYSTEMPATH\CodeIgniter.php(366): CodeIgniter\CodeIgniter->handleRequest(null, Object(Config\Cache), false)
 4 FCPATH\index.php(67): CodeIgniter\CodeIgniter->run()
INFO - 2023-12-06 03:10:01 --> Session: Class initialized using 'CodeIgniter\Session\Handlers\FileHandler' driver.
CRITICAL - 2023-12-06 08:39:35 --> date(): Argument #2 ($timestamp) must be of type ?int, string given
in APPPATH\Views\user\user.php on line 76.
 1 APPPATH\Views\user\user.php(76): date('d F Y', '2006-02-06')
 2 SYSTEMPATH\View\View.php(224): include('C:\\xampp\\htdocs\\rdjadmrll\\app\\Views\\user\\user.php')
 3 SYSTEMPATH\View\View.php(227): CodeIgniter\View\View->CodeIgniter\View\{closure}()
 4 SYSTEMPATH\Common.php(1180): CodeIgniter\View\View->render('user/user', [], true)
 5 APPPATH\Views\template\template.php(294): view('user/user')
 6 SYSTEMPATH\View\View.php(224): include('C:\\xampp\\htdocs\\rdjadmrll\\app\\Views\\template\\template.php')
 7 SYSTEMPATH\View\View.php(227): CodeIgniter\View\View->CodeIgniter\View\{closure}()
 8 SYSTEMPATH\Common.php(1180): CodeIgniter\View\View->render('template/template', [], true)
 9 APPPATH\Controllers\Info\User.php(31): view('template/template', [...])
10 SYSTEMPATH\CodeIgniter.php(932): App\Controllers\Info\User->index()
11 SYSTEMPATH\CodeIgniter.php(497): CodeIgniter\CodeIgniter->runController(Object(App\Controllers\Info\User))
12 SYSTEMPATH\CodeIgniter.php(366): CodeIgniter\CodeIgniter->handleRequest(null, Object(Config\Cache), false)
13 FCPATH\index.php(67): CodeIgniter\CodeIgniter->run()
