ERROR - 2023-12-16 11:36:43 --> mysqli_sql_exception: MySQL server has gone away in C:\xampp\htdocs\rdjadmrll\system\Database\MySQLi\Connection.php:295
Stack trace:
#0 C:\xampp\htdocs\rdjadmrll\system\Database\MySQLi\Connection.php(295): mysqli->query('SELECT *\nFROM `...', 0)
#1 C:\xampp\htdocs\rdjadmrll\system\Database\BaseConnection.php(692): CodeIgniter\Database\MySQLi\Connection->execute('SELECT *\nFROM `...')
#2 C:\xampp\htdocs\rdjadmrll\system\Database\BaseConnection.php(606): CodeIgniter\Database\BaseConnection->simpleQuery('SELECT *\nFROM `...')
#3 C:\xampp\htdocs\rdjadmrll\system\Database\BaseBuilder.php(1616): CodeIgniter\Database\BaseConnection->query('SELECT *\nFROM `...', Array, false)
#4 C:\xampp\htdocs\rdjadmrll\app\Models\Info\ModelAuth.php(27): CodeIgniter\Database\BaseBuilder->get()
#5 C:\xampp\htdocs\rdjadmrll\app\Controllers\Info\Auth.php(127): App\Models\Info\ModelAuth->ValidLogin('owner', '1')
#6 C:\xampp\htdocs\rdjadmrll\system\CodeIgniter.php(932): App\Controllers\Info\Auth->ValidLogin()
#7 C:\xampp\htdocs\rdjadmrll\system\CodeIgniter.php(497): CodeIgniter\CodeIgniter->runController(Object(App\Controllers\Info\Auth))
#8 C:\xampp\htdocs\rdjadmrll\system\CodeIgniter.php(366): CodeIgniter\CodeIgniter->handleRequest(NULL, Object(Config\Cache), false)
#9 C:\xampp\htdocs\rdjadmrll\public\index.php(67): CodeIgniter\CodeIgniter->run()
#10 {main}
CRITICAL - 2023-12-16 11:36:43 --> MySQL server has gone away
in SYSTEMPATH\Database\MySQLi\Connection.php on line 295.
 1 SYSTEMPATH\Database\MySQLi\Connection.php(295): mysqli->query('SELECT *
FROM `user`
WHERE `username` = \'owner\'
AND `password` = \'1\'', 0)
 2 SYSTEMPATH\Database\BaseConnection.php(692): CodeIgniter\Database\MySQLi\Connection->execute('SELECT *
FROM `user`
WHERE `username` = \'owner\'
AND `password` = \'1\'')
 3 SYSTEMPATH\Database\BaseConnection.php(606): CodeIgniter\Database\BaseConnection->simpleQuery('SELECT *
FROM `user`
WHERE `username` = \'owner\'
AND `password` = \'1\'')
 4 SYSTEMPATH\Database\BaseBuilder.php(1616): CodeIgniter\Database\BaseConnection->query('SELECT *
FROM `user`
WHERE `username` = :username:
AND `password` = :password:', [...], false)
 5 APPPATH\Models\Info\ModelAuth.php(27): CodeIgniter\Database\BaseBuilder->get()
 6 APPPATH\Controllers\Info\Auth.php(127): App\Models\Info\ModelAuth->ValidLogin('owner', '1')
 7 SYSTEMPATH\CodeIgniter.php(932): App\Controllers\Info\Auth->ValidLogin()
 8 SYSTEMPATH\CodeIgniter.php(497): CodeIgniter\CodeIgniter->runController(Object(App\Controllers\Info\Auth))
 9 SYSTEMPATH\CodeIgniter.php(366): CodeIgniter\CodeIgniter->handleRequest(null, Object(Config\Cache), false)
10 FCPATH\index.php(67): CodeIgniter\CodeIgniter->run()
