WARNING - 2024-01-11 00:43:51 --> [DEPRECATED] Creation of dynamic property App\Controllers\Info\Auth::$ModelAuth is deprecated in APPPATH\Controllers\Info\Auth.php on line 13.
 1 SYSTEMPATH\CodeIgniter.php(904): App\Controllers\Info\Auth->__construct()
 2 SYSTEMPATH\CodeIgniter.php(488): CodeIgniter\CodeIgniter->createController()
 3 SYSTEMPATH\CodeIgniter.php(366): CodeIgniter\CodeIgniter->handleRequest(null, Object(Config\Cache), false)
 4 FCPATH\index.php(67): CodeIgniter\CodeIgniter->run()
INFO - 2024-01-11 00:43:51 --> Session: Class initialized using 'CodeIgniter\Session\Handlers\FileHandler' driver.
WARNING - 2024-01-11 00:44:03 --> [DEPRECATED] Creation of dynamic property App\Controllers\Info\Auth::$ModelAuth is deprecated in APPPATH\Controllers\Info\Auth.php on line 13.
 1 SYSTEMPATH\CodeIgniter.php(904): App\Controllers\Info\Auth->__construct()
 2 SYSTEMPATH\CodeIgniter.php(488): CodeIgniter\CodeIgniter->createController()
 3 SYSTEMPATH\CodeIgniter.php(366): CodeIgniter\CodeIgniter->handleRequest(null, Object(Config\Cache), false)
 4 FCPATH\index.php(67): CodeIgniter\CodeIgniter->run()
INFO - 2024-01-11 00:44:03 --> Session: Class initialized using 'CodeIgniter\Session\Handlers\FileHandler' driver.
WARNING - 2024-01-11 00:44:33 --> [DEPRECATED] Creation of dynamic property App\Controllers\Info\Auth::$ModelAuth is deprecated in APPPATH\Controllers\Info\Auth.php on line 13.
 1 SYSTEMPATH\CodeIgniter.php(904): App\Controllers\Info\Auth->__construct()
 2 SYSTEMPATH\CodeIgniter.php(488): CodeIgniter\CodeIgniter->createController()
 3 SYSTEMPATH\CodeIgniter.php(366): CodeIgniter\CodeIgniter->handleRequest(null, Object(Config\Cache), false)
 4 FCPATH\index.php(67): CodeIgniter\CodeIgniter->run()
INFO - 2024-01-11 00:44:33 --> Session: Class initialized using 'CodeIgniter\Session\Handlers\FileHandler' driver.
WARNING - 2024-01-11 00:44:38 --> [DEPRECATED] Creation of dynamic property App\Controllers\Info\Auth::$ModelAuth is deprecated in APPPATH\Controllers\Info\Auth.php on line 13.
 1 SYSTEMPATH\CodeIgniter.php(904): App\Controllers\Info\Auth->__construct()
 2 SYSTEMPATH\CodeIgniter.php(488): CodeIgniter\CodeIgniter->createController()
 3 SYSTEMPATH\CodeIgniter.php(366): CodeIgniter\CodeIgniter->handleRequest(null, Object(Config\Cache), false)
 4 FCPATH\index.php(67): CodeIgniter\CodeIgniter->run()
INFO - 2024-01-11 00:44:38 --> Session: Class initialized using 'CodeIgniter\Session\Handlers\FileHandler' driver.
WARNING - 2024-01-11 00:44:38 --> [DEPRECATED] Creation of dynamic property App\Controllers\Info\Profile::$ModelUser is deprecated in APPPATH\Controllers\Info\Profile.php on line 13.
 1 SYSTEMPATH\CodeIgniter.php(904): App\Controllers\Info\Profile->__construct()
 2 SYSTEMPATH\CodeIgniter.php(488): CodeIgniter\CodeIgniter->createController()
 3 SYSTEMPATH\CodeIgniter.php(366): CodeIgniter\CodeIgniter->handleRequest(null, Object(Config\Cache), false)
 4 FCPATH\index.php(67): CodeIgniter\CodeIgniter->run()
INFO - 2024-01-11 00:44:38 --> Session: Class initialized using 'CodeIgniter\Session\Handlers\FileHandler' driver.
WARNING - 2024-01-11 00:44:42 --> [DEPRECATED] Creation of dynamic property App\Controllers\ChampionsLeague\CL2324\Standings::$ModelUser is deprecated in APPPATH\Controllers\ChampionsLeague\CL2324\Standings.php on line 13.
 1 SYSTEMPATH\CodeIgniter.php(904): App\Controllers\ChampionsLeague\CL2324\Standings->__construct()
 2 SYSTEMPATH\CodeIgniter.php(488): CodeIgniter\CodeIgniter->createController()
 3 SYSTEMPATH\CodeIgniter.php(366): CodeIgniter\CodeIgniter->handleRequest(null, Object(Config\Cache), false)
 4 FCPATH\index.php(67): CodeIgniter\CodeIgniter->run()
INFO - 2024-01-11 00:44:42 --> Session: Class initialized using 'CodeIgniter\Session\Handlers\FileHandler' driver.
WARNING - 2024-01-11 00:44:52 --> [DEPRECATED] Creation of dynamic property App\Controllers\PremierLeague\Standings::$ModelUser is deprecated in APPPATH\Controllers\PremierLeague\Standings.php on line 12.
 1 SYSTEMPATH\CodeIgniter.php(904): App\Controllers\PremierLeague\Standings->__construct()
 2 SYSTEMPATH\CodeIgniter.php(488): CodeIgniter\CodeIgniter->createController()
 3 SYSTEMPATH\CodeIgniter.php(366): CodeIgniter\CodeIgniter->handleRequest(null, Object(Config\Cache), false)
 4 FCPATH\index.php(67): CodeIgniter\CodeIgniter->run()
INFO - 2024-01-11 00:44:52 --> Session: Class initialized using 'CodeIgniter\Session\Handlers\FileHandler' driver.
WARNING - 2024-01-11 00:45:18 --> [DEPRECATED] Creation of dynamic property App\Controllers\PremierLeague\Statistics::$ModelUser is deprecated in APPPATH\Controllers\PremierLeague\Statistics.php on line 12.
 1 SYSTEMPATH\CodeIgniter.php(904): App\Controllers\PremierLeague\Statistics->__construct()
 2 SYSTEMPATH\CodeIgniter.php(488): CodeIgniter\CodeIgniter->createController()
 3 SYSTEMPATH\CodeIgniter.php(366): CodeIgniter\CodeIgniter->handleRequest(null, Object(Config\Cache), false)
 4 FCPATH\index.php(67): CodeIgniter\CodeIgniter->run()
INFO - 2024-01-11 00:45:18 --> Session: Class initialized using 'CodeIgniter\Session\Handlers\FileHandler' driver.
WARNING - 2024-01-11 00:45:31 --> [DEPRECATED] Creation of dynamic property App\Controllers\PremierLeague\Statistics::$ModelUser is deprecated in APPPATH\Controllers\PremierLeague\Statistics.php on line 12.
 1 SYSTEMPATH\CodeIgniter.php(904): App\Controllers\PremierLeague\Statistics->__construct()
 2 SYSTEMPATH\CodeIgniter.php(488): CodeIgniter\CodeIgniter->createController()
 3 SYSTEMPATH\CodeIgniter.php(366): CodeIgniter\CodeIgniter->handleRequest(null, Object(Config\Cache), false)
 4 FCPATH\index.php(67): CodeIgniter\CodeIgniter->run()
INFO - 2024-01-11 00:45:31 --> Session: Class initialized using 'CodeIgniter\Session\Handlers\FileHandler' driver.
WARNING - 2024-01-11 01:50:04 --> [DEPRECATED] Creation of dynamic property App\Controllers\Info\Auth::$ModelAuth is deprecated in APPPATH\Controllers\Info\Auth.php on line 13.
 1 SYSTEMPATH\CodeIgniter.php(904): App\Controllers\Info\Auth->__construct()
 2 SYSTEMPATH\CodeIgniter.php(488): CodeIgniter\CodeIgniter->createController()
 3 SYSTEMPATH\CodeIgniter.php(366): CodeIgniter\CodeIgniter->handleRequest(null, Object(Config\Cache), false)
 4 FCPATH\index.php(67): CodeIgniter\CodeIgniter->run()
INFO - 2024-01-11 01:50:04 --> Session: Class initialized using 'CodeIgniter\Session\Handlers\FileHandler' driver.
WARNING - 2024-01-11 01:50:09 --> [DEPRECATED] Creation of dynamic property App\Controllers\Info\Auth::$ModelAuth is deprecated in APPPATH\Controllers\Info\Auth.php on line 13.
 1 SYSTEMPATH\CodeIgniter.php(904): App\Controllers\Info\Auth->__construct()
 2 SYSTEMPATH\CodeIgniter.php(488): CodeIgniter\CodeIgniter->createController()
 3 SYSTEMPATH\CodeIgniter.php(366): CodeIgniter\CodeIgniter->handleRequest(null, Object(Config\Cache), false)
 4 FCPATH\index.php(67): CodeIgniter\CodeIgniter->run()
INFO - 2024-01-11 01:50:09 --> Session: Class initialized using 'CodeIgniter\Session\Handlers\FileHandler' driver.
WARNING - 2024-01-11 01:50:10 --> [DEPRECATED] Creation of dynamic property App\Controllers\Info\Profile::$ModelUser is deprecated in APPPATH\Controllers\Info\Profile.php on line 13.
 1 SYSTEMPATH\CodeIgniter.php(904): App\Controllers\Info\Profile->__construct()
 2 SYSTEMPATH\CodeIgniter.php(488): CodeIgniter\CodeIgniter->createController()
 3 SYSTEMPATH\CodeIgniter.php(366): CodeIgniter\CodeIgniter->handleRequest(null, Object(Config\Cache), false)
 4 FCPATH\index.php(67): CodeIgniter\CodeIgniter->run()
INFO - 2024-01-11 01:50:10 --> Session: Class initialized using 'CodeIgniter\Session\Handlers\FileHandler' driver.
WARNING - 2024-01-11 01:50:13 --> [DEPRECATED] Creation of dynamic property App\Controllers\PremierLeague\Standings::$ModelUser is deprecated in APPPATH\Controllers\PremierLeague\Standings.php on line 12.
 1 SYSTEMPATH\CodeIgniter.php(904): App\Controllers\PremierLeague\Standings->__construct()
 2 SYSTEMPATH\CodeIgniter.php(488): CodeIgniter\CodeIgniter->createController()
 3 SYSTEMPATH\CodeIgniter.php(366): CodeIgniter\CodeIgniter->handleRequest(null, Object(Config\Cache), false)
 4 FCPATH\index.php(67): CodeIgniter\CodeIgniter->run()
INFO - 2024-01-11 01:50:13 --> Session: Class initialized using 'CodeIgniter\Session\Handlers\FileHandler' driver.
